<?xml version="1.0" encoding="UTF-8"?>
<!-- Generated by org.testng.reporters.JUnitXMLReporter -->
<testsuite ignored="4" hostname="Rafa" failures="0" tests="1" name="Default test" time="9.444" errors="0" timestamp="2023-11-29T16:56:20 EST">
  <testcase classname="pagesTest.HomePageTest" name="signUpButton" time="7.239"/>
  <testcase classname="pagesTest.HomePageTest" name="EnterYourEmailButtonTest" time="0.0">
    <ignored/>
  </testcase> <!-- EnterYourEmailButtonTest -->
  <testcase classname="pagesTest.HomePageTest" name="LoginButtonTest" time="0.0">
    <ignored/>
  </testcase> <!-- LoginButtonTest -->
  <testcase classname="pagesTest.HomePageTest" name="condoButton" time="0.0">
    <ignored/>
  </testcase> <!-- condoButton -->
  <testcase classname="pagesTest.HomePageTest" name="rentersButton" time="0.0">
    <ignored/>
  </testcase> <!-- rentersButton -->
</testsuite> <!-- Default test -->
