<?xml version="1.0" encoding="UTF-8"?>
<testng-results ignored="0" total="1" passed="1" failed="0" skipped="0">
  <reporter-output>
    <line>
      <![CDATA[Sleeping ... zZz 1<br>]]>
    </line>
    <line>
      <![CDATA[[[ChromeDriver: chrome on windows (c90de583734e0d1b3c36063ad5008d07)] -> xpath: //a[text()='Sign Up']]<---------> has been clicked<br>]]>
    </line>
    <line>
      <![CDATA[Sleeping ... zZz 1<br>]]>
    </line>
    <line>
      <![CDATA[ruhulrana82@yahoo.com <-----> has been put into <-----> [[ChromeDriver: chrome on windows (c90de583734e0d1b3c36063ad5008d07)] -> xpath: //input[@id='EMAIL']]<br>]]>
    </line>
    <line>
      <![CDATA[Sleeping ... zZz 1<br>]]>
    </line>
    <line>
      <![CDATA[Md <-----> has been put into <-----> [[ChromeDriver: chrome on windows (c90de583734e0d1b3c36063ad5008d07)] -> xpath: //input[@id='FNAME']]<br>]]>
    </line>
    <line>
      <![CDATA[Sleeping ... zZz 1<br>]]>
    </line>
    <line>
      <![CDATA[B <-----> has been put into <-----> [[ChromeDriver: chrome on windows (c90de583734e0d1b3c36063ad5008d07)] -> xpath: //input[@name='MNAME']]<br>]]>
    </line>
    <line>
      <![CDATA[Sleeping ... zZz 1<br>]]>
    </line>
    <line>
      <![CDATA[Chowdhury <-----> has been put into <-----> [[ChromeDriver: chrome on windows (c90de583734e0d1b3c36063ad5008d07)] -> name: LNAME]<br>]]>
    </line>
    <line>
      <![CDATA[Sleeping ... zZz 1<br>]]>
    </line>
    <line>
      <![CDATA[3340 bailey ave <-----> has been put into <-----> [[ChromeDriver: chrome on windows (c90de583734e0d1b3c36063ad5008d07)] -> xpath: //input[@name='ADDRESS1']]<br>]]>
    </line>
    <line>
      <![CDATA[Sleeping ... zZz 1<br>]]>
    </line>
    <line>
      <![CDATA[Buffalo  <-----> has been put into <-----> [[ChromeDriver: chrome on windows (c90de583734e0d1b3c36063ad5008d07)] -> xpath: //input[@id='CITY']]<br>]]>
    </line>
    <line>
      <![CDATA[Sleeping ... zZz 1<br>]]>
    </line>
    <line>
      <![CDATA[[[ChromeDriver: chrome on windows (c90de583734e0d1b3c36063ad5008d07)] -> xpath: //select[@id='STATE']]<---------> has been clicked<br>]]>
    </line>
    <line>
      <![CDATA[New York has been selected from the dropdown of ---> [[ChromeDriver: chrome on windows (c90de583734e0d1b3c36063ad5008d07)] -> xpath: //select[@id='STATE']]<br>]]>
    </line>
    <line>
      <![CDATA[14215 <-----> has been put into <-----> [[ChromeDriver: chrome on windows (c90de583734e0d1b3c36063ad5008d07)] -> xpath: //input[@name='POSTAL_CODE']]<br>]]>
    </line>
    <line>
      <![CDATA[Sleeping ... zZz 1<br>]]>
    </line>
    <line>
      <![CDATA[[[ChromeDriver: chrome on windows (c90de583734e0d1b3c36063ad5008d07)] -> xpath: //select[@Id='CURRENT_LOCATION']]<---------> has been clicked<br>]]>
    </line>
    <line>
      <![CDATA[United States has been selected from the dropdown of ---> [[ChromeDriver: chrome on windows (c90de583734e0d1b3c36063ad5008d07)] -> xpath: //select[@Id='CURRENT_LOCATION']]<br>]]>
    </line>
    <line>
      <![CDATA[Sleeping ... zZz 1<br>]]>
    </line>
    <line>
      <![CDATA[[[ChromeDriver: chrome on windows (c90de583734e0d1b3c36063ad5008d07)] -> xpath: //select[@Id='CURRENT_LOCATION']]<---------> has been clicked<br>]]>
    </line>
    <line>
      <![CDATA[United States has been selected from the dropdown of ---> [[ChromeDriver: chrome on windows (c90de583734e0d1b3c36063ad5008d07)] -> xpath: //select[@id='NATIONALITY']]<br>]]>
    </line>
    <line>
      <![CDATA[Sleeping ... zZz 1<br>]]>
    </line>
    <line>
      <![CDATA[078 <-----> has been put into <-----> [[ChromeDriver: chrome on windows (c90de583734e0d1b3c36063ad5008d07)] -> xpath: //input[@id='ssn1']]<br>]]>
    </line>
    <line>
      <![CDATA[09 <-----> has been put into <-----> [[ChromeDriver: chrome on windows (c90de583734e0d1b3c36063ad5008d07)] -> xpath: //input[@id='ssn2']]<br>]]>
    </line>
    <line>
      <![CDATA[9874 <-----> has been put into <-----> [[ChromeDriver: chrome on windows (c90de583734e0d1b3c36063ad5008d07)] -> xpath: //input[@id='ssn3']]<br>]]>
    </line>
    <line>
      <![CDATA[Sleeping ... zZz 1<br>]]>
    </line>
    <line>
      <![CDATA[811789881 <-----> has been put into <-----> [[ChromeDriver: chrome on windows (c90de583734e0d1b3c36063ad5008d07)] -> xpath: //input[@name='state_drivingid']]<br>]]>
    </line>
    <line>
      <![CDATA[Sleeping ... zZz 1<br>]]>
    </line>
    <line>
      <![CDATA[[[ChromeDriver: chrome on windows (c90de583734e0d1b3c36063ad5008d07)] -> xpath: //select[@id='D1']]<---------> has been clicked<br>]]>
    </line>
    <line>
      <![CDATA[New York has been selected from the dropdown of ---> [[ChromeDriver: chrome on windows (c90de583734e0d1b3c36063ad5008d07)] -> xpath: //select[@id='D1']]<br>]]>
    </line>
    <line>
      <![CDATA[Sleeping ... zZz 1<br>]]>
    </line>
    <line>
      <![CDATA[929 <-----> has been put into <-----> [[ChromeDriver: chrome on windows (c90de583734e0d1b3c36063ad5008d07)] -> xpath: //input[@id='C_PHONE']]<br>]]>
    </line>
    <line>
      <![CDATA[315 <-----> has been put into <-----> [[ChromeDriver: chrome on windows (c90de583734e0d1b3c36063ad5008d07)] -> xpath: //input[@id='CI_PHONE']]<br>]]>
    </line>
    <line>
      <![CDATA[4398 <-----> has been put into <-----> [[ChromeDriver: chrome on windows (c90de583734e0d1b3c36063ad5008d07)] -> xpath: //input[@id='PHONE']]<br>]]>
    </line>
    <line>
      <![CDATA[Sleeping ... zZz 1<br>]]>
    </line>
    <line>
      <![CDATA[[[ChromeDriver: chrome on windows (c90de583734e0d1b3c36063ad5008d07)] -> xpath: //select[@class='form-control' and @name='PROMOTIONAL_QCODE-2']]<---------> has been clicked<br>]]>
    </line>
    <line>
      <![CDATA[Sleeping ... zZz 2<br>]]>
    </line>
    <line>
      <![CDATA[Greater than USD 100,000 has been selected from the dropdown of ---> [[ChromeDriver: chrome on windows (c90de583734e0d1b3c36063ad5008d07)] -> xpath: //select[@class='form-control' and @name='PROMOTIONAL_QCODE-2']]<br>]]>
    </line>
    <line>
      <![CDATA[Sleeping ... zZz 2<br>]]>
    </line>
    <line>
      <![CDATA[[[ChromeDriver: chrome on windows (c90de583734e0d1b3c36063ad5008d07)] -> xpath: //select[@name='OCCUPATION']]<---------> has been clicked<br>]]>
    </line>
    <line>
      <![CDATA[Customer service/support has been selected from the dropdown of ---> [[ChromeDriver: chrome on windows (c90de583734e0d1b3c36063ad5008d07)] -> xpath: //select[@name='OCCUPATION']]<br>]]>
    </line>
    <line>
      <![CDATA[Sleeping ... zZz 1<br>]]>
    </line>
    <line>
      <![CDATA[[[ChromeDriver: chrome on windows (c90de583734e0d1b3c36063ad5008d07)] -> xpath: //select[@id='MONTH']]<---------> has been clicked<br>]]>
    </line>
    <line>
      <![CDATA[June has been selected from the dropdown of ---> [[ChromeDriver: chrome on windows (c90de583734e0d1b3c36063ad5008d07)] -> xpath: //select[@id='MONTH']]<br>]]>
    </line>
    <line>
      <![CDATA[Sleeping ... zZz 1<br>]]>
    </line>
    <line>
      <![CDATA[[[ChromeDriver: chrome on windows (c90de583734e0d1b3c36063ad5008d07)] -> xpath: //select[@id='DAY']]<---------> has been clicked<br>]]>
    </line>
    <line>
      <![CDATA[3 has been selected from the dropdown of ---> [[ChromeDriver: chrome on windows (c90de583734e0d1b3c36063ad5008d07)] -> xpath: //select[@id='DAY']]<br>]]>
    </line>
    <line>
      <![CDATA[Sleeping ... zZz 1<br>]]>
    </line>
    <line>
      <![CDATA[[[ChromeDriver: chrome on windows (c90de583734e0d1b3c36063ad5008d07)] -> xpath: //select[@id='DAY']]<---------> has been clicked<br>]]>
    </line>
    <line>
      <![CDATA[1947 has been selected from the dropdown of ---> [[ChromeDriver: chrome on windows (c90de583734e0d1b3c36063ad5008d07)] -> xpath: //select[@id='YEAR']]<br>]]>
    </line>
    <line>
      <![CDATA[Sleeping ... zZz 1<br>]]>
    </line>
  </reporter-output>
  <suite started-at="2023-12-12T00:19:21 EST" name="Default suite" finished-at="2023-12-12T00:19:55 EST" duration-ms="34170">
    <groups>
    </groups>
    <test started-at="2023-12-12T00:19:21 EST" name="Default test" finished-at="2023-12-12T00:19:55 EST" duration-ms="34170">
      <class name="pagesTest.HomePageTest">
        <test-method is-config="true" signature="setUP()[pri:0, instance:pagesTest.HomePageTest@f78a47e]" started-at="2023-12-12T00:19:21 EST" name="setUP" finished-at="2023-12-12T00:19:24 EST" duration-ms="3669" status="PASS">
          <reporter-output>
          </reporter-output>
        </test-method> <!-- setUP -->
        <test-method signature="inputTextInUserIdAndPasswordFieldThenClickLoginButtonTest()[pri:0, instance:pagesTest.HomePageTest@f78a47e]" started-at="2023-12-12T00:19:24 EST" name="inputTextInUserIdAndPasswordFieldThenClickLoginButtonTest" finished-at="2023-12-12T00:19:54 EST" duration-ms="30134" status="PASS">
          <reporter-output>
            <line>
              <![CDATA[Sleeping ... zZz 1<br>]]>
            </line>
            <line>
              <![CDATA[[[ChromeDriver: chrome on windows (c90de583734e0d1b3c36063ad5008d07)] -> xpath: //a[text()='Sign Up']]<---------> has been clicked<br>]]>
            </line>
            <line>
              <![CDATA[Sleeping ... zZz 1<br>]]>
            </line>
            <line>
              <![CDATA[ruhulrana82@yahoo.com <-----> has been put into <-----> [[ChromeDriver: chrome on windows (c90de583734e0d1b3c36063ad5008d07)] -> xpath: //input[@id='EMAIL']]<br>]]>
            </line>
            <line>
              <![CDATA[Sleeping ... zZz 1<br>]]>
            </line>
            <line>
              <![CDATA[Md <-----> has been put into <-----> [[ChromeDriver: chrome on windows (c90de583734e0d1b3c36063ad5008d07)] -> xpath: //input[@id='FNAME']]<br>]]>
            </line>
            <line>
              <![CDATA[Sleeping ... zZz 1<br>]]>
            </line>
            <line>
              <![CDATA[B <-----> has been put into <-----> [[ChromeDriver: chrome on windows (c90de583734e0d1b3c36063ad5008d07)] -> xpath: //input[@name='MNAME']]<br>]]>
            </line>
            <line>
              <![CDATA[Sleeping ... zZz 1<br>]]>
            </line>
            <line>
              <![CDATA[Chowdhury <-----> has been put into <-----> [[ChromeDriver: chrome on windows (c90de583734e0d1b3c36063ad5008d07)] -> name: LNAME]<br>]]>
            </line>
            <line>
              <![CDATA[Sleeping ... zZz 1<br>]]>
            </line>
            <line>
              <![CDATA[3340 bailey ave <-----> has been put into <-----> [[ChromeDriver: chrome on windows (c90de583734e0d1b3c36063ad5008d07)] -> xpath: //input[@name='ADDRESS1']]<br>]]>
            </line>
            <line>
              <![CDATA[Sleeping ... zZz 1<br>]]>
            </line>
            <line>
              <![CDATA[Buffalo  <-----> has been put into <-----> [[ChromeDriver: chrome on windows (c90de583734e0d1b3c36063ad5008d07)] -> xpath: //input[@id='CITY']]<br>]]>
            </line>
            <line>
              <![CDATA[Sleeping ... zZz 1<br>]]>
            </line>
            <line>
              <![CDATA[[[ChromeDriver: chrome on windows (c90de583734e0d1b3c36063ad5008d07)] -> xpath: //select[@id='STATE']]<---------> has been clicked<br>]]>
            </line>
            <line>
              <![CDATA[New York has been selected from the dropdown of ---> [[ChromeDriver: chrome on windows (c90de583734e0d1b3c36063ad5008d07)] -> xpath: //select[@id='STATE']]<br>]]>
            </line>
            <line>
              <![CDATA[14215 <-----> has been put into <-----> [[ChromeDriver: chrome on windows (c90de583734e0d1b3c36063ad5008d07)] -> xpath: //input[@name='POSTAL_CODE']]<br>]]>
            </line>
            <line>
              <![CDATA[Sleeping ... zZz 1<br>]]>
            </line>
            <line>
              <![CDATA[[[ChromeDriver: chrome on windows (c90de583734e0d1b3c36063ad5008d07)] -> xpath: //select[@Id='CURRENT_LOCATION']]<---------> has been clicked<br>]]>
            </line>
            <line>
              <![CDATA[United States has been selected from the dropdown of ---> [[ChromeDriver: chrome on windows (c90de583734e0d1b3c36063ad5008d07)] -> xpath: //select[@Id='CURRENT_LOCATION']]<br>]]>
            </line>
            <line>
              <![CDATA[Sleeping ... zZz 1<br>]]>
            </line>
            <line>
              <![CDATA[[[ChromeDriver: chrome on windows (c90de583734e0d1b3c36063ad5008d07)] -> xpath: //select[@Id='CURRENT_LOCATION']]<---------> has been clicked<br>]]>
            </line>
            <line>
              <![CDATA[United States has been selected from the dropdown of ---> [[ChromeDriver: chrome on windows (c90de583734e0d1b3c36063ad5008d07)] -> xpath: //select[@id='NATIONALITY']]<br>]]>
            </line>
            <line>
              <![CDATA[Sleeping ... zZz 1<br>]]>
            </line>
            <line>
              <![CDATA[078 <-----> has been put into <-----> [[ChromeDriver: chrome on windows (c90de583734e0d1b3c36063ad5008d07)] -> xpath: //input[@id='ssn1']]<br>]]>
            </line>
            <line>
              <![CDATA[09 <-----> has been put into <-----> [[ChromeDriver: chrome on windows (c90de583734e0d1b3c36063ad5008d07)] -> xpath: //input[@id='ssn2']]<br>]]>
            </line>
            <line>
              <![CDATA[9874 <-----> has been put into <-----> [[ChromeDriver: chrome on windows (c90de583734e0d1b3c36063ad5008d07)] -> xpath: //input[@id='ssn3']]<br>]]>
            </line>
            <line>
              <![CDATA[Sleeping ... zZz 1<br>]]>
            </line>
            <line>
              <![CDATA[811789881 <-----> has been put into <-----> [[ChromeDriver: chrome on windows (c90de583734e0d1b3c36063ad5008d07)] -> xpath: //input[@name='state_drivingid']]<br>]]>
            </line>
            <line>
              <![CDATA[Sleeping ... zZz 1<br>]]>
            </line>
            <line>
              <![CDATA[[[ChromeDriver: chrome on windows (c90de583734e0d1b3c36063ad5008d07)] -> xpath: //select[@id='D1']]<---------> has been clicked<br>]]>
            </line>
            <line>
              <![CDATA[New York has been selected from the dropdown of ---> [[ChromeDriver: chrome on windows (c90de583734e0d1b3c36063ad5008d07)] -> xpath: //select[@id='D1']]<br>]]>
            </line>
            <line>
              <![CDATA[Sleeping ... zZz 1<br>]]>
            </line>
            <line>
              <![CDATA[929 <-----> has been put into <-----> [[ChromeDriver: chrome on windows (c90de583734e0d1b3c36063ad5008d07)] -> xpath: //input[@id='C_PHONE']]<br>]]>
            </line>
            <line>
              <![CDATA[315 <-----> has been put into <-----> [[ChromeDriver: chrome on windows (c90de583734e0d1b3c36063ad5008d07)] -> xpath: //input[@id='CI_PHONE']]<br>]]>
            </line>
            <line>
              <![CDATA[4398 <-----> has been put into <-----> [[ChromeDriver: chrome on windows (c90de583734e0d1b3c36063ad5008d07)] -> xpath: //input[@id='PHONE']]<br>]]>
            </line>
            <line>
              <![CDATA[Sleeping ... zZz 1<br>]]>
            </line>
            <line>
              <![CDATA[[[ChromeDriver: chrome on windows (c90de583734e0d1b3c36063ad5008d07)] -> xpath: //select[@class='form-control' and @name='PROMOTIONAL_QCODE-2']]<---------> has been clicked<br>]]>
            </line>
            <line>
              <![CDATA[Sleeping ... zZz 2<br>]]>
            </line>
            <line>
              <![CDATA[Greater than USD 100,000 has been selected from the dropdown of ---> [[ChromeDriver: chrome on windows (c90de583734e0d1b3c36063ad5008d07)] -> xpath: //select[@class='form-control' and @name='PROMOTIONAL_QCODE-2']]<br>]]>
            </line>
            <line>
              <![CDATA[Sleeping ... zZz 2<br>]]>
            </line>
            <line>
              <![CDATA[[[ChromeDriver: chrome on windows (c90de583734e0d1b3c36063ad5008d07)] -> xpath: //select[@name='OCCUPATION']]<---------> has been clicked<br>]]>
            </line>
            <line>
              <![CDATA[Customer service/support has been selected from the dropdown of ---> [[ChromeDriver: chrome on windows (c90de583734e0d1b3c36063ad5008d07)] -> xpath: //select[@name='OCCUPATION']]<br>]]>
            </line>
            <line>
              <![CDATA[Sleeping ... zZz 1<br>]]>
            </line>
            <line>
              <![CDATA[[[ChromeDriver: chrome on windows (c90de583734e0d1b3c36063ad5008d07)] -> xpath: //select[@id='MONTH']]<---------> has been clicked<br>]]>
            </line>
            <line>
              <![CDATA[June has been selected from the dropdown of ---> [[ChromeDriver: chrome on windows (c90de583734e0d1b3c36063ad5008d07)] -> xpath: //select[@id='MONTH']]<br>]]>
            </line>
            <line>
              <![CDATA[Sleeping ... zZz 1<br>]]>
            </line>
            <line>
              <![CDATA[[[ChromeDriver: chrome on windows (c90de583734e0d1b3c36063ad5008d07)] -> xpath: //select[@id='DAY']]<---------> has been clicked<br>]]>
            </line>
            <line>
              <![CDATA[3 has been selected from the dropdown of ---> [[ChromeDriver: chrome on windows (c90de583734e0d1b3c36063ad5008d07)] -> xpath: //select[@id='DAY']]<br>]]>
            </line>
            <line>
              <![CDATA[Sleeping ... zZz 1<br>]]>
            </line>
            <line>
              <![CDATA[[[ChromeDriver: chrome on windows (c90de583734e0d1b3c36063ad5008d07)] -> xpath: //select[@id='DAY']]<---------> has been clicked<br>]]>
            </line>
            <line>
              <![CDATA[1947 has been selected from the dropdown of ---> [[ChromeDriver: chrome on windows (c90de583734e0d1b3c36063ad5008d07)] -> xpath: //select[@id='YEAR']]<br>]]>
            </line>
            <line>
              <![CDATA[Sleeping ... zZz 1<br>]]>
            </line>
          </reporter-output>
        </test-method> <!-- inputTextInUserIdAndPasswordFieldThenClickLoginButtonTest -->
        <test-method is-config="true" signature="tearUp()[pri:0, instance:pagesTest.HomePageTest@f78a47e]" started-at="2023-12-12T00:19:54 EST" name="tearUp" finished-at="2023-12-12T00:19:55 EST" duration-ms="303" status="PASS">
          <reporter-output>
          </reporter-output>
        </test-method> <!-- tearUp -->
      </class> <!-- pagesTest.HomePageTest -->
    </test> <!-- Default test -->
  </suite> <!-- Default suite -->
</testng-results>
