<?xml version="1.0" encoding="UTF-8"?>
<testng-results ignored="0" total="1" passed="1" failed="0" skipped="0">
  <reporter-output>
  </reporter-output>
  <suite started-at="2023-11-29T16:56:10 EST" name="Default suite" finished-at="2023-11-29T16:56:20 EST" duration-ms="9444">
    <groups>
    </groups>
    <test started-at="2023-11-29T16:56:10 EST" name="Default test" finished-at="2023-11-29T16:56:20 EST" duration-ms="9444">
      <class name="pagesTest.HomePageTest">
        <test-method is-config="true" signature="setUP()[pri:0, instance:pagesTest.HomePageTest@7526515b]" started-at="2023-11-29T16:56:10 EST" name="setUP" finished-at="2023-11-29T16:56:12 EST" duration-ms="1971" status="PASS">
          <reporter-output>
          </reporter-output>
        </test-method> <!-- setUP -->
        <test-method signature="signUpButton()[pri:1, instance:pagesTest.HomePageTest@7526515b]" started-at="2023-11-29T16:56:12 EST" name="signUpButton" finished-at="2023-11-29T16:56:20 EST" duration-ms="7239" status="PASS">
          <reporter-output>
          </reporter-output>
        </test-method> <!-- signUpButton -->
        <test-method is-config="true" signature="tearUp()[pri:0, instance:pagesTest.HomePageTest@7526515b]" started-at="2023-11-29T16:56:20 EST" name="tearUp" finished-at="2023-11-29T16:56:20 EST" duration-ms="205" status="PASS">
          <reporter-output>
          </reporter-output>
        </test-method> <!-- tearUp -->
      </class> <!-- pagesTest.HomePageTest -->
    </test> <!-- Default test -->
  </suite> <!-- Default suite -->
</testng-results>
